DEBUG main log4j.withcfgUse - 调试信息
INFO main log4j.withcfgUse - 输出信息
WARN main log4j.withcfgUse - 警告信息
ERROR main log4j.withcfgUse - 错误信息
FATAL main log4j.withcfgUse - 致命信息
DEBUG main log4j.withcfgUse - 调试信息
INFO main log4j.withcfgUse - 输出信息
WARN main log4j.withcfgUse - 警告信息
ERROR main log4j.withcfgUse - 错误信息
FATAL main log4j.withcfgUse - 致命信息
DEBUG main log4j.withcfgUse - 调试信息
INFO main log4j.withcfgUse - 输出信息
WARN main log4j.withcfgUse - 警告信息
ERROR main log4j.withcfgUse - 错误信息
FATAL main log4j.withcfgUse - 致命信息
DEBUG main log4j.withcfgUse - 调试信息
INFO main log4j.withcfgUse - 输出信息
WARN main log4j.withcfgUse - 警告信息
ERROR main log4j.withcfgUse - 错误信息
FATAL main log4j.withcfgUse - 致命信息
DEBUG main log4j.withcfgUse - 调试信息
INFO main log4j.withcfgUse - 输出信息
WARN main log4j.withcfgUse - 警告信息
ERROR main log4j.withcfgUse - 错误信息
FATAL main log4j.withcfgUse - 致命信息
DEBUG main log4j.withcfgUse - 调试信息
INFO main log4j.withcfgUse - 输出信息
WARN main log4j.withcfgUse - 警告信息
ERROR main log4j.withcfgUse - 错误信息
FATAL main log4j.withcfgUse - 致命信息
DEBUG main log4j.withcfgUse - 调试信息
INFO main log4j.withcfgUse - 输出信息
WARN main log4j.withcfgUse - 警告信息
ERROR main log4j.withcfgUse - 错误信息
FATAL main log4j.withcfgUse - 致命信息
DEBUG main log4j.withcfgUse - 调试信息
INFO main log4j.withcfgUse - 输出信息
WARN main log4j.withcfgUse - 警告信息
ERROR main log4j.withcfgUse - 错误信息
FATAL main log4j.withcfgUse - 致命信息
DEBUG main log4j.withcfgUse - 调试信息
INFO main log4j.withcfgUse - 输出信息
WARN main log4j.withcfgUse - 警告信息
ERROR main log4j.withcfgUse - 错误信息
FATAL main log4j.withcfgUse - 致命信息
DEBUG main log4j.withcfgUse - 调试信息
INFO main log4j.withcfgUse - 输出信息
WARN main log4j.withcfgUse - 警告信息
ERROR main log4j.withcfgUse - 错误信息
FATAL main log4j.withcfgUse - 致命信息
